[INFO ] 2023-05-01 12:36:49.803 :       o.s.b.d.r.ChangeableUrls - The Class-Path manifest attribute in /Users/kyudoshim/.gradle/caches/modules-2/files-2.1/com.oracle.database.jdbc/ojdbc8/21.1.0.0/50044485aea10afd7defeee8109c5195b4d3cae2/ojdbc8-21.1.0.0.jar referenced one or more files that do not exist: file:/Users/kyudoshim/.gradle/caches/modules-2/files-2.1/com.oracle.database.jdbc/ojdbc8/21.1.0.0/50044485aea10afd7defeee8109c5195b4d3cae2/oraclepki.jar
[INFO ] 2023-05-01 12:36:49.803 : o.s.b.d.e.DevToolsPropertyDefaultsPostProcessor - Devtools property defaults active! Set 'spring.devtools.add-properties' to 'false' to disable
[INFO ] 2023-05-01 12:36:49.804 : o.s.b.d.e.DevToolsPropertyDefaultsPostProcessor - For additional web related logging consider setting the 'logging.level.web' property to 'DEBUG'
[INFO ] 2023-05-01 12:36:50.822 : o.s.d.r.c.RepositoryConfigurationDelegate - Multiple Spring Data modules found, entering strict repository configuration mode!
[INFO ] 2023-05-01 12:36:50.823 : o.s.d.r.c.RepositoryConfigurationDelegate - Bootstrapping Spring Data Redis repositories in DEFAULT mode.
[INFO ] 2023-05-01 12:36:50.834 : o.s.d.r.c.RepositoryConfigurationDelegate - Finished Spring Data repository scanning in 3 ms. Found 0 Redis repository interfaces.
[INFO ] 2023-05-01 12:36:51.102 : o.s.d.r.c.RepositoryConfigurationDelegate - Multiple Spring Data modules found, entering strict repository configuration mode!
[INFO ] 2023-05-01 12:36:51.102 : o.s.d.r.c.RepositoryConfigurationDelegate - Bootstrapping Spring Data JDBC repositories in DEFAULT mode.
[INFO ] 2023-05-01 12:36:51.118 : o.s.d.r.c.RepositoryConfigurationExtensionSupport - Spring Data JDBC - Could not safely identify store assignment for repository candidate interface com.kyu9.accountbook.application.repository.TagRepository. If you want this repository to be a JDBC repository, consider annotating your entities with one of these annotations: org.springframework.data.relational.core.mapping.Table.
[INFO ] 2023-05-01 12:36:51.119 : o.s.d.r.c.RepositoryConfigurationExtensionSupport - Spring Data JDBC - Could not safely identify store assignment for repository candidate interface com.kyu9.accountbook.application.repository.UsageTransactionRepository. If you want this repository to be a JDBC repository, consider annotating your entities with one of these annotations: org.springframework.data.relational.core.mapping.Table.
[INFO ] 2023-05-01 12:36:51.120 : o.s.d.r.c.RepositoryConfigurationExtensionSupport - Spring Data JDBC - Could not safely identify store assignment for repository candidate interface com.kyu9.accountbook.application.repository.UserRepository. If you want this repository to be a JDBC repository, consider annotating your entities with one of these annotations: org.springframework.data.relational.core.mapping.Table.
[INFO ] 2023-05-01 12:36:51.120 : o.s.d.r.c.RepositoryConfigurationDelegate - Finished Spring Data repository scanning in 17 ms. Found 0 JDBC repository interfaces.
[INFO ] 2023-05-01 12:36:51.124 : o.s.d.r.c.RepositoryConfigurationDelegate - Multiple Spring Data modules found, entering strict repository configuration mode!
[INFO ] 2023-05-01 12:36:51.125 : o.s.d.r.c.RepositoryConfigurationDelegate - Bootstrapping Spring Data JPA repositories in DEFAULT mode.
[INFO ] 2023-05-01 12:36:51.203 : o.s.d.r.c.RepositoryConfigurationDelegate - Finished Spring Data repository scanning in 76 ms. Found 3 JPA repository interfaces.
[INFO ] 2023-05-01 12:36:51.206 : o.s.d.r.c.RepositoryConfigurationDelegate - Multiple Spring Data modules found, entering strict repository configuration mode!
[INFO ] 2023-05-01 12:36:51.206 : o.s.d.r.c.RepositoryConfigurationDelegate - Bootstrapping Spring Data Redis repositories in DEFAULT mode.
[INFO ] 2023-05-01 12:36:51.209 : o.s.d.r.c.RepositoryConfigurationExtensionSupport - Spring Data Redis - Could not safely identify store assignment for repository candidate interface com.kyu9.accountbook.application.repository.TagRepository. If you want this repository to be a Redis repository, consider annotating your entities with one of these annotations: org.springframework.data.redis.core.RedisHash (preferred), or consider extending one of the following types with your repository: org.springframework.data.keyvalue.repository.KeyValueRepository.
[INFO ] 2023-05-01 12:36:51.209 : o.s.d.r.c.RepositoryConfigurationExtensionSupport - Spring Data Redis - Could not safely identify store assignment for repository candidate interface com.kyu9.accountbook.application.repository.UsageTransactionRepository. If you want this repository to be a Redis repository, consider annotating your entities with one of these annotations: org.springframework.data.redis.core.RedisHash (preferred), or consider extending one of the following types with your repository: org.springframework.data.keyvalue.repository.KeyValueRepository.
[INFO ] 2023-05-01 12:36:51.209 : o.s.d.r.c.RepositoryConfigurationExtensionSupport - Spring Data Redis - Could not safely identify store assignment for repository candidate interface com.kyu9.accountbook.application.repository.UserRepository. If you want this repository to be a Redis repository, consider annotating your entities with one of these annotations: org.springframework.data.redis.core.RedisHash (preferred), or consider extending one of the following types with your repository: org.springframework.data.keyvalue.repository.KeyValueRepository.
[INFO ] 2023-05-01 12:36:51.210 : o.s.d.r.c.RepositoryConfigurationDelegate - Finished Spring Data repository scanning in 3 ms. Found 0 Redis repository interfaces.
[INFO ] 2023-05-01 12:36:51.392 : o.s.c.s.PostProcessorRegistrationDelegate$BeanPostProcessorChecker - Bean 'org.springframework.ws.config.annotation.DelegatingWsConfiguration' of type [org.springframework.ws.config.annotation.DelegatingWsConfiguration$$EnhancerBySpringCGLIB$$ed4188ae] is not eligible for getting processed by all BeanPostProcessors (for example: not eligible for auto-proxying)
[INFO ] 2023-05-01 12:36:51.414 : o.s.w.s.a.s.AnnotationActionEndpointMapping - Supporting [WS-Addressing August 2004, WS-Addressing 1.0]
[INFO ] 2023-05-01 12:36:51.645 :    o.s.b.w.e.t.TomcatWebServer - Tomcat initialized with port(s): 10001 (http)
[INFO ] 2023-05-01 12:36:51.651 :      o.a.c.h.Http11NioProtocol - Initializing ProtocolHandler ["http-nio-10001"]
[INFO ] 2023-05-01 12:36:51.651 :        o.a.c.c.StandardService - Starting service [Tomcat]
[INFO ] 2023-05-01 12:36:51.651 :         o.a.c.c.StandardEngine - Starting Servlet engine: [Apache Tomcat/9.0.55]
[INFO ] 2023-05-01 12:36:51.704 :              o.a.c.c.C.[.[.[/] - Initializing Spring embedded WebApplicationContext
[INFO ] 2023-05-01 12:36:51.704 : o.s.b.w.s.c.ServletWebServerApplicationContext - Root WebApplicationContext: initialization completed in 1900 ms
[WARN ] 2023-05-01 12:36:51.788 :       c.z.h.u.DriverDataSource - Registered driver with driverClassName=com.mysql.jdbc.Driver was not found, trying direct instantiation.
[INFO ] 2023-05-01 12:36:52.035 : o.s.b.a.h.H2ConsoleAutoConfiguration - H2 console available at '/h2-console'. Database available at 'jdbc:mysql://localhost:3306/ACB?serverTimezone=UTC&characterEncoding=UTF-8'
[INFO ] 2023-05-01 12:36:52.666 : o.s.o.j.LocalContainerEntityManagerFactoryBean - Initialized JPA EntityManagerFactory for persistence unit 'default'
[WARN ] 2023-05-01 12:36:53.168 : o.s.b.a.o.j.JpaBaseConfiguration$JpaWebConfiguration - spring.jpa.open-in-view is enabled by default. Therefore, database queries may be performed during view rendering. Explicitly configure spring.jpa.open-in-view to disable this warning
[INFO ] 2023-05-01 12:36:53.414 : o.s.b.a.e.w.EndpointLinksResolver - Exposing 1 endpoint(s) beneath base path '/actuator'
[INFO ] 2023-05-01 12:36:53.545 : o.s.b.d.a.OptionalLiveReloadServer - LiveReload server is running on port 35729
[INFO ] 2023-05-01 12:36:53.563 : o.s.b.a.w.s.WelcomePageHandlerMapping - Adding welcome page template: index
[WARN ] 2023-05-01 12:36:53.610 :             o.t.t.TemplateMode - [THYMELEAF][restartedMain] Template Mode 'HTML5' is deprecated. Using Template Mode 'HTML' instead.
[INFO ] 2023-05-01 12:36:53.762 :      o.a.c.h.Http11NioProtocol - Starting ProtocolHandler ["http-nio-10001"]
[INFO ] 2023-05-01 12:36:53.774 :    o.s.b.w.e.t.TomcatWebServer - Tomcat started on port(s): 10001 (http) with context path ''
[INFO ] 2023-05-01 12:36:54.308 :              o.a.c.c.C.[.[.[/] - Initializing Spring DispatcherServlet 'dispatcherServlet'
[INFO ] 2023-05-01 12:36:54.308 :      o.s.w.s.DispatcherServlet - Initializing Servlet 'dispatcherServlet'
[INFO ] 2023-05-01 12:36:54.309 :      o.s.w.s.DispatcherServlet - Completed initialization in 1 ms
[WARN ] 2023-05-01 12:51:59.386 : o.s.w.s.m.m.a.ExceptionHandlerExceptionResolver - Resolved [org.springframework.http.converter.HttpMessageNotReadableException: JSON parse error: Cannot deserialize value of type `com.kyu9.accountbook.swagger.model.PostTranRequestDto$MoneyType` from String "ERROR": not one of the values accepted for Enum class: [MINE, FREE]; nested exception is com.fasterxml.jackson.databind.exc.InvalidFormatException: Cannot deserialize value of type `com.kyu9.accountbook.swagger.model.PostTranRequestDto$MoneyType` from String "ERROR": not one of the values accepted for Enum class: [MINE, FREE]<LF> at [Source: (PushbackInputStream); line: 9, column: 16] (through reference chain: com.kyu9.accountbook.swagger.model.PostTranRequestDto["moneyType"])]
[WARN ] 2023-05-01 14:00:12.621 : o.s.w.s.m.m.a.ExceptionHandlerExceptionResolver - Resolved [org.springframework.web.HttpMediaTypeNotSupportedException: Content type 'text/xml;charset=EUC-KR' not supported]
[WARN ] 2023-05-01 14:01:31.636 : o.s.w.s.m.m.a.ExceptionHandlerExceptionResolver - Resolved [org.springframework.web.HttpMediaTypeNotSupportedException: Content type '*/*;charset=UTF-8' not supported]
[WARN ] 2023-05-01 14:02:09.163 : o.s.w.s.m.m.a.ExceptionHandlerExceptionResolver - Resolved [org.springframework.web.HttpMediaTypeNotSupportedException: Content type '*/*;charset=UTF-8' not supported]
[INFO ] 2023-05-01 14:02:21.887 :   o.s.b.w.e.t.GracefulShutdown - Commencing graceful shutdown. Waiting for active requests to complete
[INFO ] 2023-05-01 14:02:21.889 :   o.s.b.w.e.t.GracefulShutdown - Graceful shutdown complete
[INFO ] 2023-05-01 14:02:22.018 : o.s.o.j.LocalContainerEntityManagerFactoryBean - Closing JPA EntityManagerFactory for persistence unit 'default'
[INFO ] 2023-05-01 14:02:24.277 :       o.s.b.d.r.ChangeableUrls - The Class-Path manifest attribute in /Users/kyudoshim/.gradle/caches/modules-2/files-2.1/com.oracle.database.jdbc/ojdbc8/21.1.0.0/50044485aea10afd7defeee8109c5195b4d3cae2/ojdbc8-21.1.0.0.jar referenced one or more files that do not exist: file:/Users/kyudoshim/.gradle/caches/modules-2/files-2.1/com.oracle.database.jdbc/ojdbc8/21.1.0.0/50044485aea10afd7defeee8109c5195b4d3cae2/oraclepki.jar
[INFO ] 2023-05-01 14:02:24.277 : o.s.b.d.e.DevToolsPropertyDefaultsPostProcessor - Devtools property defaults active! Set 'spring.devtools.add-properties' to 'false' to disable
[INFO ] 2023-05-01 14:02:24.277 : o.s.b.d.e.DevToolsPropertyDefaultsPostProcessor - For additional web related logging consider setting the 'logging.level.web' property to 'DEBUG'
[INFO ] 2023-05-01 14:02:24.936 : o.s.d.r.c.RepositoryConfigurationDelegate - Multiple Spring Data modules found, entering strict repository configuration mode!
[INFO ] 2023-05-01 14:02:24.936 : o.s.d.r.c.RepositoryConfigurationDelegate - Bootstrapping Spring Data Redis repositories in DEFAULT mode.
[INFO ] 2023-05-01 14:02:24.948 : o.s.d.r.c.RepositoryConfigurationDelegate - Finished Spring Data repository scanning in 3 ms. Found 0 Redis repository interfaces.
[INFO ] 2023-05-01 14:02:25.202 : o.s.d.r.c.RepositoryConfigurationDelegate - Multiple Spring Data modules found, entering strict repository configuration mode!
[INFO ] 2023-05-01 14:02:25.202 : o.s.d.r.c.RepositoryConfigurationDelegate - Bootstrapping Spring Data JDBC repositories in DEFAULT mode.
[INFO ] 2023-05-01 14:02:25.216 : o.s.d.r.c.RepositoryConfigurationExtensionSupport - Spring Data JDBC - Could not safely identify store assignment for repository candidate interface com.kyu9.accountbook.application.repository.TagRepository. If you want this repository to be a JDBC repository, consider annotating your entities with one of these annotations: org.springframework.data.relational.core.mapping.Table.
[INFO ] 2023-05-01 14:02:25.217 : o.s.d.r.c.RepositoryConfigurationExtensionSupport - Spring Data JDBC - Could not safely identify store assignment for repository candidate interface com.kyu9.accountbook.application.repository.UsageTransactionRepository. If you want this repository to be a JDBC repository, consider annotating your entities with one of these annotations: org.springframework.data.relational.core.mapping.Table.
[INFO ] 2023-05-01 14:02:25.218 : o.s.d.r.c.RepositoryConfigurationExtensionSupport - Spring Data JDBC - Could not safely identify store assignment for repository candidate interface com.kyu9.accountbook.application.repository.UserRepository. If you want this repository to be a JDBC repository, consider annotating your entities with one of these annotations: org.springframework.data.relational.core.mapping.Table.
[INFO ] 2023-05-01 14:02:25.218 : o.s.d.r.c.RepositoryConfigurationDelegate - Finished Spring Data repository scanning in 15 ms. Found 0 JDBC repository interfaces.
[INFO ] 2023-05-01 14:02:25.222 : o.s.d.r.c.RepositoryConfigurationDelegate - Multiple Spring Data modules found, entering strict repository configuration mode!
[INFO ] 2023-05-01 14:02:25.223 : o.s.d.r.c.RepositoryConfigurationDelegate - Bootstrapping Spring Data JPA repositories in DEFAULT mode.
[INFO ] 2023-05-01 14:02:25.309 : o.s.d.r.c.RepositoryConfigurationDelegate - Finished Spring Data repository scanning in 85 ms. Found 3 JPA repository interfaces.
[INFO ] 2023-05-01 14:02:25.313 : o.s.d.r.c.RepositoryConfigurationDelegate - Multiple Spring Data modules found, entering strict repository configuration mode!
[INFO ] 2023-05-01 14:02:25.313 : o.s.d.r.c.RepositoryConfigurationDelegate - Bootstrapping Spring Data Redis repositories in DEFAULT mode.
[INFO ] 2023-05-01 14:02:25.317 : o.s.d.r.c.RepositoryConfigurationExtensionSupport - Spring Data Redis - Could not safely identify store assignment for repository candidate interface com.kyu9.accountbook.application.repository.TagRepository. If you want this repository to be a Redis repository, consider annotating your entities with one of these annotations: org.springframework.data.redis.core.RedisHash (preferred), or consider extending one of the following types with your repository: org.springframework.data.keyvalue.repository.KeyValueRepository.
[INFO ] 2023-05-01 14:02:25.318 : o.s.d.r.c.RepositoryConfigurationExtensionSupport - Spring Data Redis - Could not safely identify store assignment for repository candidate interface com.kyu9.accountbook.application.repository.UsageTransactionRepository. If you want this repository to be a Redis repository, consider annotating your entities with one of these annotations: org.springframework.data.redis.core.RedisHash (preferred), or consider extending one of the following types with your repository: org.springframework.data.keyvalue.repository.KeyValueRepository.
[INFO ] 2023-05-01 14:02:25.318 : o.s.d.r.c.RepositoryConfigurationExtensionSupport - Spring Data Redis - Could not safely identify store assignment for repository candidate interface com.kyu9.accountbook.application.repository.UserRepository. If you want this repository to be a Redis repository, consider annotating your entities with one of these annotations: org.springframework.data.redis.core.RedisHash (preferred), or consider extending one of the following types with your repository: org.springframework.data.keyvalue.repository.KeyValueRepository.
[INFO ] 2023-05-01 14:02:25.318 : o.s.d.r.c.RepositoryConfigurationDelegate - Finished Spring Data repository scanning in 4 ms. Found 0 Redis repository interfaces.
[INFO ] 2023-05-01 14:02:25.516 : o.s.c.s.PostProcessorRegistrationDelegate$BeanPostProcessorChecker - Bean 'org.springframework.ws.config.annotation.DelegatingWsConfiguration' of type [org.springframework.ws.config.annotation.DelegatingWsConfiguration$$EnhancerBySpringCGLIB$$26b2b934] is not eligible for getting processed by all BeanPostProcessors (for example: not eligible for auto-proxying)
[INFO ] 2023-05-01 14:02:25.535 : o.s.w.s.a.s.AnnotationActionEndpointMapping - Supporting [WS-Addressing August 2004, WS-Addressing 1.0]
[INFO ] 2023-05-01 14:02:25.769 :    o.s.b.w.e.t.TomcatWebServer - Tomcat initialized with port(s): 10001 (http)
[INFO ] 2023-05-01 14:02:25.776 :      o.a.c.h.Http11NioProtocol - Initializing ProtocolHandler ["http-nio-10001"]
[INFO ] 2023-05-01 14:02:25.777 :        o.a.c.c.StandardService - Starting service [Tomcat]
[INFO ] 2023-05-01 14:02:25.777 :         o.a.c.c.StandardEngine - Starting Servlet engine: [Apache Tomcat/9.0.55]
[INFO ] 2023-05-01 14:02:25.829 :              o.a.c.c.C.[.[.[/] - Initializing Spring embedded WebApplicationContext
[INFO ] 2023-05-01 14:02:25.830 : o.s.b.w.s.c.ServletWebServerApplicationContext - Root WebApplicationContext: initialization completed in 1553 ms
[WARN ] 2023-05-01 14:02:25.912 :       c.z.h.u.DriverDataSource - Registered driver with driverClassName=com.mysql.jdbc.Driver was not found, trying direct instantiation.
[INFO ] 2023-05-01 14:02:26.135 : o.s.b.a.h.H2ConsoleAutoConfiguration - H2 console available at '/h2-console'. Database available at 'jdbc:mysql://localhost:3306/ACB?serverTimezone=UTC&characterEncoding=UTF-8'
[INFO ] 2023-05-01 14:02:26.656 : o.s.o.j.LocalContainerEntityManagerFactoryBean - Initialized JPA EntityManagerFactory for persistence unit 'default'
[WARN ] 2023-05-01 14:02:27.112 : o.s.b.a.o.j.JpaBaseConfiguration$JpaWebConfiguration - spring.jpa.open-in-view is enabled by default. Therefore, database queries may be performed during view rendering. Explicitly configure spring.jpa.open-in-view to disable this warning
[INFO ] 2023-05-01 14:02:27.332 : o.s.b.a.e.w.EndpointLinksResolver - Exposing 1 endpoint(s) beneath base path '/actuator'
[INFO ] 2023-05-01 14:02:27.458 : o.s.b.d.a.OptionalLiveReloadServer - LiveReload server is running on port 35729
[INFO ] 2023-05-01 14:02:27.476 : o.s.b.a.w.s.WelcomePageHandlerMapping - Adding welcome page template: index
[WARN ] 2023-05-01 14:02:27.513 :             o.t.t.TemplateMode - [THYMELEAF][restartedMain] Template Mode 'HTML5' is deprecated. Using Template Mode 'HTML' instead.
[INFO ] 2023-05-01 14:02:27.671 :      o.a.c.h.Http11NioProtocol - Starting ProtocolHandler ["http-nio-10001"]
[INFO ] 2023-05-01 14:02:27.679 :    o.s.b.w.e.t.TomcatWebServer - Tomcat started on port(s): 10001 (http) with context path ''
[INFO ] 2023-05-01 14:02:31.907 :              o.a.c.c.C.[.[.[/] - Initializing Spring DispatcherServlet 'dispatcherServlet'
[INFO ] 2023-05-01 14:02:31.907 :      o.s.w.s.DispatcherServlet - Initializing Servlet 'dispatcherServlet'
[INFO ] 2023-05-01 14:02:31.908 :      o.s.w.s.DispatcherServlet - Completed initialization in 1 ms
[WARN ] 2023-05-01 14:02:31.962 : o.s.w.s.m.m.a.ExceptionHandlerExceptionResolver - Resolved [org.springframework.http.converter.HttpMessageNotReadableException: JSON parse error: Cannot deserialize value of type `com.kyu9.accountbook.swagger.model.PostTranRequestDto$MoneyType` from String "ERROR": not one of the values accepted for Enum class: [MINE, FREE]; nested exception is com.fasterxml.jackson.databind.exc.InvalidFormatException: Cannot deserialize value of type `com.kyu9.accountbook.swagger.model.PostTranRequestDto$MoneyType` from String "ERROR": not one of the values accepted for Enum class: [MINE, FREE]<LF> at [Source: (PushbackInputStream); line: 9, column: 16] (through reference chain: com.kyu9.accountbook.swagger.model.PostTranRequestDto["moneyType"])]
[INFO ] 2023-05-01 14:47:28.587 :   o.s.b.w.e.t.GracefulShutdown - Commencing graceful shutdown. Waiting for active requests to complete
[INFO ] 2023-05-01 14:47:28.600 :   o.s.b.w.e.t.GracefulShutdown - Graceful shutdown complete
[INFO ] 2023-05-01 14:47:28.735 : o.s.o.j.LocalContainerEntityManagerFactoryBean - Closing JPA EntityManagerFactory for persistence unit 'default'
[INFO ] 2023-05-01 14:48:59.050 :       o.s.b.d.r.ChangeableUrls - The Class-Path manifest attribute in /Users/kyudoshim/.gradle/caches/modules-2/files-2.1/com.oracle.database.jdbc/ojdbc8/21.1.0.0/50044485aea10afd7defeee8109c5195b4d3cae2/ojdbc8-21.1.0.0.jar referenced one or more files that do not exist: file:/Users/kyudoshim/.gradle/caches/modules-2/files-2.1/com.oracle.database.jdbc/ojdbc8/21.1.0.0/50044485aea10afd7defeee8109c5195b4d3cae2/oraclepki.jar
[INFO ] 2023-05-01 14:48:59.051 : o.s.b.d.e.DevToolsPropertyDefaultsPostProcessor - Devtools property defaults active! Set 'spring.devtools.add-properties' to 'false' to disable
[INFO ] 2023-05-01 14:48:59.051 : o.s.b.d.e.DevToolsPropertyDefaultsPostProcessor - For additional web related logging consider setting the 'logging.level.web' property to 'DEBUG'
[INFO ] 2023-05-01 14:48:59.620 : o.s.d.r.c.RepositoryConfigurationDelegate - Multiple Spring Data modules found, entering strict repository configuration mode!
[INFO ] 2023-05-01 14:48:59.620 : o.s.d.r.c.RepositoryConfigurationDelegate - Bootstrapping Spring Data Redis repositories in DEFAULT mode.
[INFO ] 2023-05-01 14:48:59.632 : o.s.d.r.c.RepositoryConfigurationDelegate - Finished Spring Data repository scanning in 3 ms. Found 0 Redis repository interfaces.
[INFO ] 2023-05-01 14:48:59.875 : o.s.d.r.c.RepositoryConfigurationDelegate - Multiple Spring Data modules found, entering strict repository configuration mode!
[INFO ] 2023-05-01 14:48:59.875 : o.s.d.r.c.RepositoryConfigurationDelegate - Bootstrapping Spring Data JDBC repositories in DEFAULT mode.
[INFO ] 2023-05-01 14:48:59.890 : o.s.d.r.c.RepositoryConfigurationExtensionSupport - Spring Data JDBC - Could not safely identify store assignment for repository candidate interface com.kyu9.accountbook.application.repository.TagRepository. If you want this repository to be a JDBC repository, consider annotating your entities with one of these annotations: org.springframework.data.relational.core.mapping.Table.
[INFO ] 2023-05-01 14:48:59.891 : o.s.d.r.c.RepositoryConfigurationExtensionSupport - Spring Data JDBC - Could not safely identify store assignment for repository candidate interface com.kyu9.accountbook.application.repository.UsageTransactionRepository. If you want this repository to be a JDBC repository, consider annotating your entities with one of these annotations: org.springframework.data.relational.core.mapping.Table.
[INFO ] 2023-05-01 14:48:59.891 : o.s.d.r.c.RepositoryConfigurationExtensionSupport - Spring Data JDBC - Could not safely identify store assignment for repository candidate interface com.kyu9.accountbook.application.repository.UserRepository. If you want this repository to be a JDBC repository, consider annotating your entities with one of these annotations: org.springframework.data.relational.core.mapping.Table.
[INFO ] 2023-05-01 14:48:59.891 : o.s.d.r.c.RepositoryConfigurationDelegate - Finished Spring Data repository scanning in 15 ms. Found 0 JDBC repository interfaces.
[INFO ] 2023-05-01 14:48:59.896 : o.s.d.r.c.RepositoryConfigurationDelegate - Multiple Spring Data modules found, entering strict repository configuration mode!
[INFO ] 2023-05-01 14:48:59.896 : o.s.d.r.c.RepositoryConfigurationDelegate - Bootstrapping Spring Data JPA repositories in DEFAULT mode.
[INFO ] 2023-05-01 14:48:59.974 : o.s.d.r.c.RepositoryConfigurationDelegate - Finished Spring Data repository scanning in 76 ms. Found 3 JPA repository interfaces.
[INFO ] 2023-05-01 14:48:59.977 : o.s.d.r.c.RepositoryConfigurationDelegate - Multiple Spring Data modules found, entering strict repository configuration mode!
[INFO ] 2023-05-01 14:48:59.977 : o.s.d.r.c.RepositoryConfigurationDelegate - Bootstrapping Spring Data Redis repositories in DEFAULT mode.
[INFO ] 2023-05-01 14:48:59.980 : o.s.d.r.c.RepositoryConfigurationExtensionSupport - Spring Data Redis - Could not safely identify store assignment for repository candidate interface com.kyu9.accountbook.application.repository.TagRepository. If you want this repository to be a Redis repository, consider annotating your entities with one of these annotations: org.springframework.data.redis.core.RedisHash (preferred), or consider extending one of the following types with your repository: org.springframework.data.keyvalue.repository.KeyValueRepository.
[INFO ] 2023-05-01 14:48:59.980 : o.s.d.r.c.RepositoryConfigurationExtensionSupport - Spring Data Redis - Could not safely identify store assignment for repository candidate interface com.kyu9.accountbook.application.repository.UsageTransactionRepository. If you want this repository to be a Redis repository, consider annotating your entities with one of these annotations: org.springframework.data.redis.core.RedisHash (preferred), or consider extending one of the following types with your repository: org.springframework.data.keyvalue.repository.KeyValueRepository.
[INFO ] 2023-05-01 14:48:59.980 : o.s.d.r.c.RepositoryConfigurationExtensionSupport - Spring Data Redis - Could not safely identify store assignment for repository candidate interface com.kyu9.accountbook.application.repository.UserRepository. If you want this repository to be a Redis repository, consider annotating your entities with one of these annotations: org.springframework.data.redis.core.RedisHash (preferred), or consider extending one of the following types with your repository: org.springframework.data.keyvalue.repository.KeyValueRepository.
[INFO ] 2023-05-01 14:48:59.980 : o.s.d.r.c.RepositoryConfigurationDelegate - Finished Spring Data repository scanning in 3 ms. Found 0 Redis repository interfaces.
[INFO ] 2023-05-01 14:49:00.156 : o.s.c.s.PostProcessorRegistrationDelegate$BeanPostProcessorChecker - Bean 'org.springframework.ws.config.annotation.DelegatingWsConfiguration' of type [org.springframework.ws.config.annotation.DelegatingWsConfiguration$$EnhancerBySpringCGLIB$$5fdaeeb8] is not eligible for getting processed by all BeanPostProcessors (for example: not eligible for auto-proxying)
[INFO ] 2023-05-01 14:49:00.174 : o.s.w.s.a.s.AnnotationActionEndpointMapping - Supporting [WS-Addressing August 2004, WS-Addressing 1.0]
[INFO ] 2023-05-01 14:49:00.382 :    o.s.b.w.e.t.TomcatWebServer - Tomcat initialized with port(s): 10001 (http)
[INFO ] 2023-05-01 14:49:00.387 :      o.a.c.h.Http11NioProtocol - Initializing ProtocolHandler ["http-nio-10001"]
[INFO ] 2023-05-01 14:49:00.387 :        o.a.c.c.StandardService - Starting service [Tomcat]
[INFO ] 2023-05-01 14:49:00.388 :         o.a.c.c.StandardEngine - Starting Servlet engine: [Apache Tomcat/9.0.55]
[INFO ] 2023-05-01 14:49:00.432 :              o.a.c.c.C.[.[.[/] - Initializing Spring embedded WebApplicationContext
[INFO ] 2023-05-01 14:49:00.432 : o.s.b.w.s.c.ServletWebServerApplicationContext - Root WebApplicationContext: initialization completed in 1380 ms
[WARN ] 2023-05-01 14:49:00.509 :       c.z.h.u.DriverDataSource - Registered driver with driverClassName=com.mysql.jdbc.Driver was not found, trying direct instantiation.
[INFO ] 2023-05-01 14:49:00.748 : o.s.b.a.h.H2ConsoleAutoConfiguration - H2 console available at '/h2-console'. Database available at 'jdbc:mysql://localhost:3306/ACB?serverTimezone=UTC&characterEncoding=UTF-8'
[INFO ] 2023-05-01 14:49:01.283 : o.s.o.j.LocalContainerEntityManagerFactoryBean - Initialized JPA EntityManagerFactory for persistence unit 'default'
[WARN ] 2023-05-01 14:49:01.764 : o.s.b.a.o.j.JpaBaseConfiguration$JpaWebConfiguration - spring.jpa.open-in-view is enabled by default. Therefore, database queries may be performed during view rendering. Explicitly configure spring.jpa.open-in-view to disable this warning
[INFO ] 2023-05-01 14:49:01.989 : o.s.b.a.e.w.EndpointLinksResolver - Exposing 1 endpoint(s) beneath base path '/actuator'
[INFO ] 2023-05-01 14:49:02.124 : o.s.b.d.a.OptionalLiveReloadServer - LiveReload server is running on port 35729
[INFO ] 2023-05-01 14:49:02.143 : o.s.b.a.w.s.WelcomePageHandlerMapping - Adding welcome page template: index
[WARN ] 2023-05-01 14:49:02.184 :             o.t.t.TemplateMode - [THYMELEAF][restartedMain] Template Mode 'HTML5' is deprecated. Using Template Mode 'HTML' instead.
[INFO ] 2023-05-01 14:49:02.338 :      o.a.c.h.Http11NioProtocol - Starting ProtocolHandler ["http-nio-10001"]
[INFO ] 2023-05-01 14:49:02.346 :    o.s.b.w.e.t.TomcatWebServer - Tomcat started on port(s): 10001 (http) with context path ''
[INFO ] 2023-05-01 14:49:03.024 :              o.a.c.c.C.[.[.[/] - Initializing Spring DispatcherServlet 'dispatcherServlet'
[INFO ] 2023-05-01 14:49:03.025 :      o.s.w.s.DispatcherServlet - Initializing Servlet 'dispatcherServlet'
[INFO ] 2023-05-01 14:49:03.026 :      o.s.w.s.DispatcherServlet - Completed initialization in 1 ms
[WARN ] 2023-05-01 14:49:11.696 : o.s.w.s.m.m.a.ExceptionHandlerExceptionResolver - Resolved [org.springframework.http.converter.HttpMessageNotReadableException: JSON parse error: Cannot deserialize value of type `com.kyu9.accountbook.swagger.model.PostTranRequestDto$MoneyType` from String "ERROR": not one of the values accepted for Enum class: [MINE, FREE]; nested exception is com.fasterxml.jackson.databind.exc.InvalidFormatException: Cannot deserialize value of type `com.kyu9.accountbook.swagger.model.PostTranRequestDto$MoneyType` from String "ERROR": not one of the values accepted for Enum class: [MINE, FREE]<LF> at [Source: (PushbackInputStream); line: 9, column: 16] (through reference chain: com.kyu9.accountbook.swagger.model.PostTranRequestDto["moneyType"])]
[INFO ] 2023-05-01 14:50:21.254 :   o.s.b.w.e.t.GracefulShutdown - Commencing graceful shutdown. Waiting for active requests to complete
[INFO ] 2023-05-01 14:50:21.258 :   o.s.b.w.e.t.GracefulShutdown - Graceful shutdown complete
[INFO ] 2023-05-01 14:50:21.404 : o.s.o.j.LocalContainerEntityManagerFactoryBean - Closing JPA EntityManagerFactory for persistence unit 'default'
[INFO ] 2023-05-01 14:50:23.325 :       o.s.b.d.r.ChangeableUrls - The Class-Path manifest attribute in /Users/kyudoshim/.gradle/caches/modules-2/files-2.1/com.oracle.database.jdbc/ojdbc8/21.1.0.0/50044485aea10afd7defeee8109c5195b4d3cae2/ojdbc8-21.1.0.0.jar referenced one or more files that do not exist: file:/Users/kyudoshim/.gradle/caches/modules-2/files-2.1/com.oracle.database.jdbc/ojdbc8/21.1.0.0/50044485aea10afd7defeee8109c5195b4d3cae2/oraclepki.jar
[INFO ] 2023-05-01 14:50:23.325 : o.s.b.d.e.DevToolsPropertyDefaultsPostProcessor - Devtools property defaults active! Set 'spring.devtools.add-properties' to 'false' to disable
[INFO ] 2023-05-01 14:50:23.326 : o.s.b.d.e.DevToolsPropertyDefaultsPostProcessor - For additional web related logging consider setting the 'logging.level.web' property to 'DEBUG'
[INFO ] 2023-05-01 14:50:23.796 : o.s.d.r.c.RepositoryConfigurationDelegate - Multiple Spring Data modules found, entering strict repository configuration mode!
[INFO ] 2023-05-01 14:50:23.796 : o.s.d.r.c.RepositoryConfigurationDelegate - Bootstrapping Spring Data Redis repositories in DEFAULT mode.
[INFO ] 2023-05-01 14:50:23.806 : o.s.d.r.c.RepositoryConfigurationDelegate - Finished Spring Data repository scanning in 3 ms. Found 0 Redis repository interfaces.
[INFO ] 2023-05-01 14:50:24.037 : o.s.d.r.c.RepositoryConfigurationDelegate - Multiple Spring Data modules found, entering strict repository configuration mode!
[INFO ] 2023-05-01 14:50:24.037 : o.s.d.r.c.RepositoryConfigurationDelegate - Bootstrapping Spring Data JDBC repositories in DEFAULT mode.
[INFO ] 2023-05-01 14:50:24.050 : o.s.d.r.c.RepositoryConfigurationExtensionSupport - Spring Data JDBC - Could not safely identify store assignment for repository candidate interface com.kyu9.accountbook.application.repository.TagRepository. If you want this repository to be a JDBC repository, consider annotating your entities with one of these annotations: org.springframework.data.relational.core.mapping.Table.
[INFO ] 2023-05-01 14:50:24.051 : o.s.d.r.c.RepositoryConfigurationExtensionSupport - Spring Data JDBC - Could not safely identify store assignment for repository candidate interface com.kyu9.accountbook.application.repository.UsageTransactionRepository. If you want this repository to be a JDBC repository, consider annotating your entities with one of these annotations: org.springframework.data.relational.core.mapping.Table.
[INFO ] 2023-05-01 14:50:24.051 : o.s.d.r.c.RepositoryConfigurationExtensionSupport - Spring Data JDBC - Could not safely identify store assignment for repository candidate interface com.kyu9.accountbook.application.repository.UserRepository. If you want this repository to be a JDBC repository, consider annotating your entities with one of these annotations: org.springframework.data.relational.core.mapping.Table.
[INFO ] 2023-05-01 14:50:24.052 : o.s.d.r.c.RepositoryConfigurationDelegate - Finished Spring Data repository scanning in 14 ms. Found 0 JDBC repository interfaces.
[INFO ] 2023-05-01 14:50:24.056 : o.s.d.r.c.RepositoryConfigurationDelegate - Multiple Spring Data modules found, entering strict repository configuration mode!
[INFO ] 2023-05-01 14:50:24.056 : o.s.d.r.c.RepositoryConfigurationDelegate - Bootstrapping Spring Data JPA repositories in DEFAULT mode.
[INFO ] 2023-05-01 14:50:24.127 : o.s.d.r.c.RepositoryConfigurationDelegate - Finished Spring Data repository scanning in 69 ms. Found 3 JPA repository interfaces.
[INFO ] 2023-05-01 14:50:24.130 : o.s.d.r.c.RepositoryConfigurationDelegate - Multiple Spring Data modules found, entering strict repository configuration mode!
[INFO ] 2023-05-01 14:50:24.130 : o.s.d.r.c.RepositoryConfigurationDelegate - Bootstrapping Spring Data Redis repositories in DEFAULT mode.
[INFO ] 2023-05-01 14:50:24.133 : o.s.d.r.c.RepositoryConfigurationExtensionSupport - Spring Data Redis - Could not safely identify store assignment for repository candidate interface com.kyu9.accountbook.application.repository.TagRepository. If you want this repository to be a Redis repository, consider annotating your entities with one of these annotations: org.springframework.data.redis.core.RedisHash (preferred), or consider extending one of the following types with your repository: org.springframework.data.keyvalue.repository.KeyValueRepository.
[INFO ] 2023-05-01 14:50:24.133 : o.s.d.r.c.RepositoryConfigurationExtensionSupport - Spring Data Redis - Could not safely identify store assignment for repository candidate interface com.kyu9.accountbook.application.repository.UsageTransactionRepository. If you want this repository to be a Redis repository, consider annotating your entities with one of these annotations: org.springframework.data.redis.core.RedisHash (preferred), or consider extending one of the following types with your repository: org.springframework.data.keyvalue.repository.KeyValueRepository.
[INFO ] 2023-05-01 14:50:24.134 : o.s.d.r.c.RepositoryConfigurationExtensionSupport - Spring Data Redis - Could not safely identify store assignment for repository candidate interface com.kyu9.accountbook.application.repository.UserRepository. If you want this repository to be a Redis repository, consider annotating your entities with one of these annotations: org.springframework.data.redis.core.RedisHash (preferred), or consider extending one of the following types with your repository: org.springframework.data.keyvalue.repository.KeyValueRepository.
[INFO ] 2023-05-01 14:50:24.134 : o.s.d.r.c.RepositoryConfigurationDelegate - Finished Spring Data repository scanning in 3 ms. Found 0 Redis repository interfaces.
[INFO ] 2023-05-01 14:50:24.296 : o.s.c.s.PostProcessorRegistrationDelegate$BeanPostProcessorChecker - Bean 'org.springframework.ws.config.annotation.DelegatingWsConfiguration' of type [org.springframework.ws.config.annotation.DelegatingWsConfiguration$$EnhancerBySpringCGLIB$$2476ea5c] is not eligible for getting processed by all BeanPostProcessors (for example: not eligible for auto-proxying)
[INFO ] 2023-05-01 14:50:24.316 : o.s.w.s.a.s.AnnotationActionEndpointMapping - Supporting [WS-Addressing August 2004, WS-Addressing 1.0]
[INFO ] 2023-05-01 14:50:24.526 :    o.s.b.w.e.t.TomcatWebServer - Tomcat initialized with port(s): 10001 (http)
[INFO ] 2023-05-01 14:50:24.531 :      o.a.c.h.Http11NioProtocol - Initializing ProtocolHandler ["http-nio-10001"]
[INFO ] 2023-05-01 14:50:24.532 :        o.a.c.c.StandardService - Starting service [Tomcat]
[INFO ] 2023-05-01 14:50:24.532 :         o.a.c.c.StandardEngine - Starting Servlet engine: [Apache Tomcat/9.0.55]
[INFO ] 2023-05-01 14:50:24.574 :              o.a.c.c.C.[.[.[/] - Initializing Spring embedded WebApplicationContext
[INFO ] 2023-05-01 14:50:24.574 : o.s.b.w.s.c.ServletWebServerApplicationContext - Root WebApplicationContext: initialization completed in 1248 ms
[WARN ] 2023-05-01 14:50:24.651 :       c.z.h.u.DriverDataSource - Registered driver with driverClassName=com.mysql.jdbc.Driver was not found, trying direct instantiation.
[INFO ] 2023-05-01 14:50:24.846 : o.s.b.a.h.H2ConsoleAutoConfiguration - H2 console available at '/h2-console'. Database available at 'jdbc:mysql://localhost:3306/ACB?serverTimezone=UTC&characterEncoding=UTF-8'
[INFO ] 2023-05-01 14:50:25.358 : o.s.o.j.LocalContainerEntityManagerFactoryBean - Initialized JPA EntityManagerFactory for persistence unit 'default'
[WARN ] 2023-05-01 14:50:25.851 : o.s.b.a.o.j.JpaBaseConfiguration$JpaWebConfiguration - spring.jpa.open-in-view is enabled by default. Therefore, database queries may be performed during view rendering. Explicitly configure spring.jpa.open-in-view to disable this warning
[INFO ] 2023-05-01 14:50:26.074 : o.s.b.a.e.w.EndpointLinksResolver - Exposing 1 endpoint(s) beneath base path '/actuator'
[INFO ] 2023-05-01 14:50:26.211 : o.s.b.d.a.OptionalLiveReloadServer - LiveReload server is running on port 35729
[INFO ] 2023-05-01 14:50:26.228 : o.s.b.a.w.s.WelcomePageHandlerMapping - Adding welcome page template: index
[WARN ] 2023-05-01 14:50:26.267 :             o.t.t.TemplateMode - [THYMELEAF][restartedMain] Template Mode 'HTML5' is deprecated. Using Template Mode 'HTML' instead.
[INFO ] 2023-05-01 14:50:26.424 :      o.a.c.h.Http11NioProtocol - Starting ProtocolHandler ["http-nio-10001"]
[INFO ] 2023-05-01 14:50:26.431 :    o.s.b.w.e.t.TomcatWebServer - Tomcat started on port(s): 10001 (http) with context path ''
[INFO ] 2023-05-01 14:50:31.119 :              o.a.c.c.C.[.[.[/] - Initializing Spring DispatcherServlet 'dispatcherServlet'
[INFO ] 2023-05-01 14:50:31.119 :      o.s.w.s.DispatcherServlet - Initializing Servlet 'dispatcherServlet'
[INFO ] 2023-05-01 14:50:31.121 :      o.s.w.s.DispatcherServlet - Completed initialization in 1 ms
[WARN ] 2023-05-01 14:50:31.178 : o.s.w.s.m.m.a.ExceptionHandlerExceptionResolver - Resolved [org.springframework.http.converter.HttpMessageNotReadableException: JSON parse error: Cannot deserialize value of type `com.kyu9.accountbook.swagger.model.PostTranRequestDto$MoneyType` from String "ERROR": not one of the values accepted for Enum class: [MINE, FREE]; nested exception is com.fasterxml.jackson.databind.exc.InvalidFormatException: Cannot deserialize value of type `com.kyu9.accountbook.swagger.model.PostTranRequestDto$MoneyType` from String "ERROR": not one of the values accepted for Enum class: [MINE, FREE]<LF> at [Source: (PushbackInputStream); line: 9, column: 16] (through reference chain: com.kyu9.accountbook.swagger.model.PostTranRequestDto["moneyType"])]
[INFO ] 2023-05-01 21:31:28.688 :   o.s.b.w.e.t.GracefulShutdown - Commencing graceful shutdown. Waiting for active requests to complete
[INFO ] 2023-05-01 21:31:28.694 :   o.s.b.w.e.t.GracefulShutdown - Graceful shutdown complete
[INFO ] 2023-05-01 21:31:28.820 : o.s.o.j.LocalContainerEntityManagerFactoryBean - Closing JPA EntityManagerFactory for persistence unit 'default'
